<?xml version="1.0" encoding="UTF-8"?>
<testsuite name="com.abchina.mmsp.base.BaseJunitTest" time="0.016" tests="1" errors="1" skipped="0" failures="0">
  <properties>
[...]
</properties>
  <testcase name="initializationError" classname="com.abchina.mmsp.base.BaseJunitTest" time="0.016">
    <error message="No runnable methods" type="java.lang.Exception"><![CDATA[java.lang.Exception: No runnable methods
	at org.junit.runners.BlockJUnit4ClassRunner.validateInstanceMethods(BlockJUnit4ClassRunner.java:191)
	at org.junit.runners.BlockJUnit4ClassRunner.collectInitializationErrors(BlockJUnit4ClassRunner.java:128)
	at org.junit.runners.ParentRunner.validate(ParentRunner.java:416)
	at org.junit.runners.ParentRunner.<init>(ParentRunner.java:84)
	at org.junit.runners.BlockJUnit4ClassRunner.<init>(BlockJUnit4ClassRunner.java:65)
	at org.springframework.test.context.junit4.SpringJUnit4ClassRunner.<init>(SpringJUnit4ClassRunner.java:138)
	at sun.reflect.GeneratedConstructorAccessor7.newInstance(Unknown Source)
	at sun.reflect.DelegatingConstructorAccessorImpl.newInstance(DelegatingConstructorAccessorImpl.java:27)
	at java.lang.reflect.Constructor.newInstance(Constructor.java:513)
	at org.junit.internal.builders.AnnotatedBuilder.buildRunner(AnnotatedBuilder.java:104)
	at org.junit.internal.builders.AnnotatedBuilder.runnerForClass(AnnotatedBuilder.java:86)
	at org.junit.runners.model.RunnerBuilder.safeRunnerForClass(RunnerBuilder.java:59)
	at org.junit.internal.builders.AllDefaultPossibilitiesBuilder.runnerForClass(AllDefaultPossibilitiesBuilder.java:26)
	at org.junit.runners.model.RunnerBuilder.safeRunnerForClass(RunnerBuilder.java:59)
	at org.junit.internal.requests.ClassRequest.getRunner(ClassRequest.java:33)
	at org.apache.maven.surefire.junit4.JUnit4Provider.execute(JUnit4Provider.java:283)
	at org.apache.maven.surefire.junit4.JUnit4Provider.executeWithRerun(JUnit4Provider.java:173)
	at org.apache.maven.surefire.junit4.JUnit4Provider.executeTestSet(JUnit4Provider.java:153)
	at org.apache.maven.surefire.junit4.JUnit4Provider.invoke(JUnit4Provider.java:128)
	at org.apache.maven.surefire.booter.ForkedBooter.invokeProviderInSameClassLoader(ForkedBooter.java:203)
	at org.apache.maven.surefire.booter.ForkedBooter.runSuitesInProcess(ForkedBooter.java:155)
	at org.apache.maven.surefire.booter.ForkedBooter.main(ForkedBooter.java:103)
]]></error>
    <system-out><![CDATA[14:45:37,757 |-INFO in ch.qos.logback.classic.LoggerContext[default] - Could NOT find resource [logback.groovy]
14:45:37,757 |-INFO in ch.qos.logback.classic.LoggerContext[default] - Could NOT find resource [logback-test.xml]
14:45:37,757 |-INFO in ch.qos.logback.classic.LoggerContext[default] - Found resource [logback.xml] at [file:/E:/tfs2018agents/agent-2.133.3-win-10.233.87.143-1/_work/136/s/mmsp-pubs/target/generated-classes/cobertura/logback.xml]
14:45:37,757 |-WARN in ch.qos.logback.classic.LoggerContext[default] - Resource [logback.xml] occurs multiple times on the classpath.
14:45:37,757 |-WARN in ch.qos.logback.classic.LoggerContext[default] - Resource [logback.xml] occurs at [jar:file:/E:/mavenlocal/repo-test/net/sourceforge/cobertura/cobertura/2.1.1/cobertura-2.1.1.jar!/logback.xml]
14:45:37,757 |-WARN in ch.qos.logback.classic.LoggerContext[default] - Resource [logback.xml] occurs at [file:/E:/tfs2018agents/agent-2.133.3-win-10.233.87.143-1/_work/136/s/mmsp-pubs/target/generated-classes/cobertura/logback.xml]
14:45:37,835 |-INFO in ch.qos.logback.classic.joran.action.ConfigurationAction - debug attribute not set
14:45:37,851 |-INFO in ch.qos.logback.classic.joran.action.ConfigurationAction - Will scan for changes in [file:/E:/tfs2018agents/agent-2.133.3-win-10.233.87.143-1/_work/136/s/mmsp-pubs/target/generated-classes/cobertura/logback.xml] 
14:45:37,851 |-INFO in ch.qos.logback.classic.joran.action.ConfigurationAction - Setting ReconfigureOnChangeTask scanning period to 2 minutes
14:45:37,866 |-INFO in ch.qos.logback.core.joran.action.AppenderAction - About to instantiate appender of type [ch.qos.logback.core.ConsoleAppender]
14:45:37,866 |-INFO in ch.qos.logback.core.joran.action.AppenderAction - Naming appender as [stdout]
14:45:37,882 |-ERROR in ch.qos.logback.core.joran.spi.Interpreter@15:19 - no applicable action for [Encoding], current ElementPath  is [[configuration][appender][Encoding]]
14:45:37,929 |-WARN in ch.qos.logback.core.ConsoleAppender[stdout] - This appender no longer admits a layout as a sub-component, set an encoder instead.
14:45:37,929 |-WARN in ch.qos.logback.core.ConsoleAppender[stdout] - To ensure compatibility, wrapping your layout in LayoutWrappingEncoder.
14:45:37,929 |-WARN in ch.qos.logback.core.ConsoleAppender[stdout] - See also http://logback.qos.ch/codes.html#layoutInsteadOfEncoder for details
14:45:37,929 |-INFO in ch.qos.logback.core.joran.action.AppenderAction - About to instantiate appender of type [ch.qos.logback.core.rolling.RollingFileAppender]
14:45:37,929 |-INFO in ch.qos.logback.core.joran.action.AppenderAction - Naming appender as [allAppender]
14:45:37,929 |-ERROR in ch.qos.logback.core.joran.spi.Interpreter@27:19 - no applicable action for [Encoding], current ElementPath  is [[configuration][appender][Encoding]]
14:45:37,944 |-INFO in c.q.l.core.rolling.TimeBasedRollingPolicy@23459640 - No compression will be used
14:45:37,944 |-INFO in c.q.l.core.rolling.TimeBasedRollingPolicy@23459640 - Will use the pattern logs/mmsp-pubs-all.%d{yyyy-MM-dd}-%i.log for the active file
14:45:37,944 |-INFO in ch.qos.logback.core.rolling.SizeAndTimeBasedFNATP@149b290 - The date pattern is 'yyyy-MM-dd' from file name pattern 'logs/mmsp-pubs-all.%d{yyyy-MM-dd}-%i.log'.
14:45:37,944 |-INFO in ch.qos.logback.core.rolling.SizeAndTimeBasedFNATP@149b290 - Roll-over at midnight.
14:45:37,960 |-INFO in ch.qos.logback.core.rolling.SizeAndTimeBasedFNATP@149b290 - Setting initial period to Wed Aug 28 14:44:31 CST 2019
14:45:37,960 |-WARN in ch.qos.logback.core.rolling.SizeAndTimeBasedFNATP@149b290 - SizeAndTimeBasedFNATP is deprecated. Use SizeAndTimeBasedRollingPolicy instead
14:45:37,960 |-WARN in ch.qos.logback.core.rolling.SizeAndTimeBasedFNATP@149b290 - For more information see http://logback.qos.ch/manual/appenders.html#SizeAndTimeBasedRollingPolicy
14:45:37,960 |-WARN in ch.qos.logback.core.rolling.RollingFileAppender[allAppender] - This appender no longer admits a layout as a sub-component, set an encoder instead.
14:45:37,960 |-WARN in ch.qos.logback.core.rolling.RollingFileAppender[allAppender] - To ensure compatibility, wrapping your layout in LayoutWrappingEncoder.
14:45:37,960 |-WARN in ch.qos.logback.core.rolling.RollingFileAppender[allAppender] - See also http://logback.qos.ch/codes.html#layoutInsteadOfEncoder for details
14:45:37,960 |-INFO in ch.qos.logback.core.rolling.RollingFileAppender[allAppender] - Active log file name: logs/mmsp-pubs-all.log
14:45:37,960 |-INFO in ch.qos.logback.core.rolling.RollingFileAppender[allAppender] - File property is set to [logs/mmsp-pubs-all.log]
14:45:37,960 |-INFO in ch.qos.logback.core.joran.action.AppenderAction - About to instantiate appender of type [ch.qos.logback.core.rolling.RollingFileAppender]
14:45:37,960 |-INFO in ch.qos.logback.core.joran.action.AppenderAction - Naming appender as [componentAppender]
14:45:37,960 |-ERROR in ch.qos.logback.core.joran.spi.Interpreter@63:19 - no applicable action for [Encoding], current ElementPath  is [[configuration][appender][Encoding]]
14:45:37,960 |-INFO in c.q.l.core.rolling.TimeBasedRollingPolicy@23738549 - No compression will be used
14:45:37,960 |-INFO in c.q.l.core.rolling.TimeBasedRollingPolicy@23738549 - Will use the pattern logs/mmsp-pubs-component.%d{yyyy-MM-dd}-%i.log for the active file
14:45:37,960 |-INFO in ch.qos.logback.core.rolling.SizeAndTimeBasedFNATP@b1074a - The date pattern is 'yyyy-MM-dd' from file name pattern 'logs/mmsp-pubs-component.%d{yyyy-MM-dd}-%i.log'.
14:45:37,960 |-INFO in ch.qos.logback.core.rolling.SizeAndTimeBasedFNATP@b1074a - Roll-over at midnight.
14:45:37,960 |-INFO in ch.qos.logback.core.rolling.SizeAndTimeBasedFNATP@b1074a - Setting initial period to Wed Aug 28 14:44:31 CST 2019
14:45:37,960 |-WARN in ch.qos.logback.core.rolling.SizeAndTimeBasedFNATP@b1074a - SizeAndTimeBasedFNATP is deprecated. Use SizeAndTimeBasedRollingPolicy instead
14:45:37,960 |-WARN in ch.qos.logback.core.rolling.SizeAndTimeBasedFNATP@b1074a - For more information see http://logback.qos.ch/manual/appenders.html#SizeAndTimeBasedRollingPolicy
14:45:37,960 |-WARN in ch.qos.logback.core.rolling.RollingFileAppender[componentAppender] - This appender no longer admits a layout as a sub-component, set an encoder instead.
14:45:37,960 |-WARN in ch.qos.logback.core.rolling.RollingFileAppender[componentAppender] - To ensure compatibility, wrapping your layout in LayoutWrappingEncoder.
14:45:37,960 |-WARN in ch.qos.logback.core.rolling.RollingFileAppender[componentAppender] - See also http://logback.qos.ch/codes.html#layoutInsteadOfEncoder for details
14:45:37,960 |-INFO in ch.qos.logback.core.rolling.RollingFileAppender[componentAppender] - Active log file name: logs/mmsp-pubs-component.log
14:45:37,960 |-INFO in ch.qos.logback.core.rolling.RollingFileAppender[componentAppender] - File property is set to [logs/mmsp-pubs-component.log]
14:45:37,960 |-INFO in ch.qos.logback.core.joran.action.AppenderAction - About to instantiate appender of type [ch.qos.logback.core.rolling.RollingFileAppender]
14:45:37,960 |-INFO in ch.qos.logback.core.joran.action.AppenderAction - Naming appender as [errorAppender]
14:45:37,960 |-ERROR in ch.qos.logback.core.joran.spi.Interpreter@79:19 - no applicable action for [Encoding], current ElementPath  is [[configuration][appender][Encoding]]
14:45:37,960 |-INFO in c.q.l.core.rolling.TimeBasedRollingPolicy@5612344 - No compression will be used
14:45:37,960 |-INFO in c.q.l.core.rolling.TimeBasedRollingPolicy@5612344 - Will use the pattern logs/mmsp-pubs-error.%d{yyyy-MM-dd}-%i.log for the active file
14:45:37,960 |-INFO in ch.qos.logback.core.rolling.SizeAndTimeBasedFNATP@4ee70b - The date pattern is 'yyyy-MM-dd' from file name pattern 'logs/mmsp-pubs-error.%d{yyyy-MM-dd}-%i.log'.
14:45:37,960 |-INFO in ch.qos.logback.core.rolling.SizeAndTimeBasedFNATP@4ee70b - Roll-over at midnight.
14:45:37,960 |-INFO in ch.qos.logback.core.rolling.SizeAndTimeBasedFNATP@4ee70b - Setting initial period to Wed Aug 28 14:44:31 CST 2019
14:45:37,960 |-WARN in ch.qos.logback.core.rolling.SizeAndTimeBasedFNATP@4ee70b - SizeAndTimeBasedFNATP is deprecated. Use SizeAndTimeBasedRollingPolicy instead
14:45:37,960 |-WARN in ch.qos.logback.core.rolling.SizeAndTimeBasedFNATP@4ee70b - For more information see http://logback.qos.ch/manual/appenders.html#SizeAndTimeBasedRollingPolicy
14:45:37,976 |-WARN in ch.qos.logback.core.rolling.RollingFileAppender[errorAppender] - This appender no longer admits a layout as a sub-component, set an encoder instead.
14:45:37,976 |-WARN in ch.qos.logback.core.rolling.RollingFileAppender[errorAppender] - To ensure compatibility, wrapping your layout in LayoutWrappingEncoder.
14:45:37,976 |-WARN in ch.qos.logback.core.rolling.RollingFileAppender[errorAppender] - See also http://logback.qos.ch/codes.html#layoutInsteadOfEncoder for details
14:45:37,976 |-INFO in ch.qos.logback.core.rolling.RollingFileAppender[errorAppender] - Active log file name: logs/mmsp-pubs-error.log
14:45:37,976 |-INFO in ch.qos.logback.core.rolling.RollingFileAppender[errorAppender] - File property is set to [logs/mmsp-pubs-error.log]
14:45:37,976 |-INFO in ch.qos.logback.classic.joran.action.LoggerAction - Setting level of logger [com.abchina.mmsp] to DEBUG
14:45:37,976 |-INFO in ch.qos.logback.classic.joran.action.LoggerAction - Setting additivity of logger [com.abchina.mmsp] to true
14:45:37,976 |-INFO in ch.qos.logback.core.joran.action.AppenderRefAction - Attaching appender named [componentAppender] to Logger[com.abchina.mmsp]
14:45:37,976 |-INFO in ch.qos.logback.classic.joran.action.RootLoggerAction - Setting level of ROOT logger to INFO
14:45:37,976 |-INFO in ch.qos.logback.core.joran.action.AppenderRefAction - Attaching appender named [stdout] to Logger[ROOT]
14:45:37,976 |-INFO in ch.qos.logback.core.joran.action.AppenderRefAction - Attaching appender named [allAppender] to Logger[ROOT]
14:45:37,976 |-INFO in ch.qos.logback.core.joran.action.AppenderRefAction - Attaching appender named [errorAppender] to Logger[ROOT]
14:45:37,976 |-INFO in ch.qos.logback.classic.joran.action.LoggerAction - Setting level of logger [com.abchina.mmsp.mybatis.mapper.MmspBmpsMsgMapper] to OFF
14:45:37,976 |-INFO in ch.qos.logback.classic.joran.action.ConfigurationAction - End of configuration.
14:45:37,976 |-INFO in ch.qos.logback.classic.joran.JoranConfigurator@22ab57 - Registering current configuration as safe fallback point

2019-08-28 14:45:38.116 [main] INFO  o.s.test.context.web.WebTestContextBootstrapper - Loaded default TestExecutionListener class names from location [META-INF/spring.factories]: [org.springframework.test.context.web.ServletTestExecutionListener, org.springframework.test.context.support.DirtiesContextBeforeModesTestExecutionListener, org.springframework.test.context.support.DependencyInjectionTestExecutionListener, org.springframework.test.context.support.DirtiesContextTestExecutionListener, org.springframework.test.context.transaction.TransactionalTestExecutionListener, org.springframework.test.context.jdbc.SqlScriptsTestExecutionListener]
2019-08-28 14:45:38.132 [main] INFO  o.s.test.context.web.WebTestContextBootstrapper - Using TestExecutionListeners: [org.springframework.test.context.web.ServletTestExecutionListener@1dee400, org.springframework.test.context.support.DirtiesContextBeforeModesTestExecutionListener@4ac216, org.springframework.test.context.support.DependencyInjectionTestExecutionListener@c5e9c, org.springframework.test.context.support.DirtiesContextTestExecutionListener@1777b1, org.springframework.test.context.transaction.TransactionalTestExecutionListener@b3319f, org.springframework.test.context.jdbc.SqlScriptsTestExecutionListener@7ecd78]
2019-08-28 14:45:38.148 [main] INFO  o.s.test.context.web.WebTestContextBootstrapper - Loaded default TestExecutionListener class names from location [META-INF/spring.factories]: [org.springframework.test.context.web.ServletTestExecutionListener, org.springframework.test.context.support.DirtiesContextBeforeModesTestExecutionListener, org.springframework.test.context.support.DependencyInjectionTestExecutionListener, org.springframework.test.context.support.DirtiesContextTestExecutionListener, org.springframework.test.context.transaction.TransactionalTestExecutionListener, org.springframework.test.context.jdbc.SqlScriptsTestExecutionListener]
2019-08-28 14:45:38.148 [main] INFO  o.s.test.context.web.WebTestContextBootstrapper - Using TestExecutionListeners: [org.springframework.test.context.web.ServletTestExecutionListener@1697b67, org.springframework.test.context.support.DirtiesContextBeforeModesTestExecutionListener@24c4a3, org.springframework.test.context.support.DependencyInjectionTestExecutionListener@1e9c82e, org.springframework.test.context.support.DirtiesContextTestExecutionListener@1554d32, org.springframework.test.context.transaction.TransactionalTestExecutionListener@13f136e, org.springframework.test.context.jdbc.SqlScriptsTestExecutionListener@14a18d]
2019-08-28 14:45:38.163 [main] INFO  o.s.test.context.web.WebTestContextBootstrapper - Loaded default TestExecutionListener class names from location [META-INF/spring.factories]: [org.springframework.test.context.web.ServletTestExecutionListener, org.springframework.test.context.support.DirtiesContextBeforeModesTestExecutionListener, org.springframework.test.context.support.DependencyInjectionTestExecutionListener, org.springframework.test.context.support.DirtiesContextTestExecutionListener, org.springframework.test.context.transaction.TransactionalTestExecutionListener, org.springframework.test.context.jdbc.SqlScriptsTestExecutionListener]
2019-08-28 14:45:38.163 [main] INFO  o.s.test.context.web.WebTestContextBootstrapper - Using TestExecutionListeners: [org.springframework.test.context.web.ServletTestExecutionListener@148f8c8, org.springframework.test.context.support.DirtiesContextBeforeModesTestExecutionListener@1c5466b, org.springframework.test.context.support.DependencyInjectionTestExecutionListener@922804, org.springframework.test.context.support.DirtiesContextTestExecutionListener@1815338, org.springframework.test.context.transaction.TransactionalTestExecutionListener@17e845a, org.springframework.test.context.jdbc.SqlScriptsTestExecutionListener@12368df]
2019-08-28 14:45:38.194 [main] INFO  o.s.test.context.web.WebTestContextBootstrapper - Loaded default TestExecutionListener class names from location [META-INF/spring.factories]: [org.springframework.test.context.web.ServletTestExecutionListener, org.springframework.test.context.support.DirtiesContextBeforeModesTestExecutionListener, org.springframework.test.context.support.DependencyInjectionTestExecutionListener, org.springframework.test.context.support.DirtiesContextTestExecutionListener, org.springframework.test.context.transaction.TransactionalTestExecutionListener, org.springframework.test.context.jdbc.SqlScriptsTestExecutionListener]
2019-08-28 14:45:38.194 [main] INFO  o.s.test.context.web.WebTestContextBootstrapper - Using TestExecutionListeners: [org.springframework.test.context.web.ServletTestExecutionListener@a4488, org.springframework.test.context.support.DirtiesContextBeforeModesTestExecutionListener@19762f, org.springframework.test.context.support.DependencyInjectionTestExecutionListener@19e215b, org.springframework.test.context.support.DirtiesContextTestExecutionListener@9ff0a8, org.springframework.test.context.transaction.TransactionalTestExecutionListener@70be88, org.springframework.test.context.jdbc.SqlScriptsTestExecutionListener@1ecfe07]
2019-08-28 14:45:38.210 [main] INFO  o.s.test.context.web.WebTestContextBootstrapper - Loaded default TestExecutionListener class names from location [META-INF/spring.factories]: [org.springframework.test.context.web.ServletTestExecutionListener, org.springframework.test.context.support.DirtiesContextBeforeModesTestExecutionListener, org.springframework.test.context.support.DependencyInjectionTestExecutionListener, org.springframework.test.context.support.DirtiesContextTestExecutionListener, org.springframework.test.context.transaction.TransactionalTestExecutionListener, org.springframework.test.context.jdbc.SqlScriptsTestExecutionListener]
2019-08-28 14:45:38.210 [main] INFO  o.s.test.context.web.WebTestContextBootstrapper - Using TestExecutionListeners: [org.springframework.test.context.web.ServletTestExecutionListener@15983b7, org.springframework.test.context.support.DirtiesContextBeforeModesTestExecutionListener@1d6747b, org.springframework.test.context.support.DependencyInjectionTestExecutionListener@7976c1, org.springframework.test.context.support.DirtiesContextTestExecutionListener@6397eb, org.springframework.test.context.transaction.TransactionalTestExecutionListener@8aeb74, org.springframework.test.context.jdbc.SqlScriptsTestExecutionListener@6835fb]
2019-08-28 14:45:38.210 [main] INFO  o.s.test.context.web.WebTestContextBootstrapper - Loaded default TestExecutionListener class names from location [META-INF/spring.factories]: [org.springframework.test.context.web.ServletTestExecutionListener, org.springframework.test.context.support.DirtiesContextBeforeModesTestExecutionListener, org.springframework.test.context.support.DependencyInjectionTestExecutionListener, org.springframework.test.context.support.DirtiesContextTestExecutionListener, org.springframework.test.context.transaction.TransactionalTestExecutionListener, org.springframework.test.context.jdbc.SqlScriptsTestExecutionListener]
2019-08-28 14:45:38.210 [main] INFO  o.s.test.context.web.WebTestContextBootstrapper - Using TestExecutionListeners: [org.springframework.test.context.web.ServletTestExecutionListener@165b7e, org.springframework.test.context.support.DirtiesContextBeforeModesTestExecutionListener@1d0d124, org.springframework.test.context.support.DependencyInjectionTestExecutionListener@52c6b4, org.springframework.test.context.support.DirtiesContextTestExecutionListener@738d08, org.springframework.test.context.transaction.TransactionalTestExecutionListener@302e67, org.springframework.test.context.jdbc.SqlScriptsTestExecutionListener@136a1a1]
2019-08-28 14:45:38.226 [main] INFO  o.s.test.context.web.WebTestContextBootstrapper - Loaded default TestExecutionListener class names from location [META-INF/spring.factories]: [org.springframework.test.context.web.ServletTestExecutionListener, org.springframework.test.context.support.DirtiesContextBeforeModesTestExecutionListener, org.springframework.test.context.support.DependencyInjectionTestExecutionListener, org.springframework.test.context.support.DirtiesContextTestExecutionListener, org.springframework.test.context.transaction.TransactionalTestExecutionListener, org.springframework.test.context.jdbc.SqlScriptsTestExecutionListener]
2019-08-28 14:45:38.226 [main] INFO  o.s.test.context.web.WebTestContextBootstrapper - Using TestExecutionListeners: [org.springframework.test.context.web.ServletTestExecutionListener@8b8a47, org.springframework.test.context.support.DirtiesContextBeforeModesTestExecutionListener@1236cd5, org.springframework.test.context.support.DependencyInjectionTestExecutionListener@be49e0, org.springframework.test.context.support.DirtiesContextTestExecutionListener@e41bc3, org.springframework.test.context.transaction.TransactionalTestExecutionListener@1dacccc, org.springframework.test.context.jdbc.SqlScriptsTestExecutionListener@1bb9a58]
2019-08-28 14:45:38.241 [main] INFO  o.s.test.context.web.WebTestContextBootstrapper - Loaded default TestExecutionListener class names from location [META-INF/spring.factories]: [org.springframework.test.context.web.ServletTestExecutionListener, org.springframework.test.context.support.DirtiesContextBeforeModesTestExecutionListener, org.springframework.test.context.support.DependencyInjectionTestExecutionListener, org.springframework.test.context.support.DirtiesContextTestExecutionListener, org.springframework.test.context.transaction.TransactionalTestExecutionListener, org.springframework.test.context.jdbc.SqlScriptsTestExecutionListener]
2019-08-28 14:45:38.241 [main] INFO  o.s.test.context.web.WebTestContextBootstrapper - Using TestExecutionListeners: [org.springframework.test.context.web.ServletTestExecutionListener@d55986, org.springframework.test.context.support.DirtiesContextBeforeModesTestExecutionListener@e8a021, org.springframework.test.context.support.DependencyInjectionTestExecutionListener@691177, org.springframework.test.context.support.DirtiesContextTestExecutionListener@1f99eea, org.springframework.test.context.transaction.TransactionalTestExecutionListener@13043d2, org.springframework.test.context.jdbc.SqlScriptsTestExecutionListener@1b4c1d7]
2019-08-28 14:45:38.241 [main] INFO  o.s.test.context.web.WebTestContextBootstrapper - Loaded default TestExecutionListener class names from location [META-INF/spring.factories]: [org.springframework.test.context.web.ServletTestExecutionListener, org.springframework.test.context.support.DirtiesContextBeforeModesTestExecutionListener, org.springframework.test.context.support.DependencyInjectionTestExecutionListener, org.springframework.test.context.support.DirtiesContextTestExecutionListener, org.springframework.test.context.transaction.TransactionalTestExecutionListener, org.springframework.test.context.jdbc.SqlScriptsTestExecutionListener]
2019-08-28 14:45:38.241 [main] INFO  o.s.test.context.web.WebTestContextBootstrapper - Using TestExecutionListeners: [org.springframework.test.context.web.ServletTestExecutionListener@1fa39bb, org.springframework.test.context.support.DirtiesContextBeforeModesTestExecutionListener@e45b5e, org.springframework.test.context.support.DependencyInjectionTestExecutionListener@2ab653, org.springframework.test.context.support.DirtiesContextTestExecutionListener@28305d, org.springframework.test.context.transaction.TransactionalTestExecutionListener@7f58ef, org.springframework.test.context.jdbc.SqlScriptsTestExecutionListener@a7dd39]
2019-08-28 14:45:38.257 [main] INFO  o.s.test.context.web.WebTestContextBootstrapper - Loaded default TestExecutionListener class names from location [META-INF/spring.factories]: [org.springframework.test.context.web.ServletTestExecutionListener, org.springframework.test.context.support.DirtiesContextBeforeModesTestExecutionListener, org.springframework.test.context.support.DependencyInjectionTestExecutionListener, org.springframework.test.context.support.DirtiesContextTestExecutionListener, org.springframework.test.context.transaction.TransactionalTestExecutionListener, org.springframework.test.context.jdbc.SqlScriptsTestExecutionListener]
2019-08-28 14:45:38.257 [main] INFO  o.s.test.context.web.WebTestContextBootstrapper - Using TestExecutionListeners: [org.springframework.test.context.web.ServletTestExecutionListener@182ef6b, org.springframework.test.context.support.DirtiesContextBeforeModesTestExecutionListener@1347124, org.springframework.test.context.support.DependencyInjectionTestExecutionListener@1f02b85, org.springframework.test.context.support.DirtiesContextTestExecutionListener@b957ea, org.springframework.test.context.transaction.TransactionalTestExecutionListener@3aff84, org.springframework.test.context.jdbc.SqlScriptsTestExecutionListener@15d4de6]
2019-08-28 14:45:38.257 [main] INFO  o.s.test.context.web.WebTestContextBootstrapper - Loaded default TestExecutionListener class names from location [META-INF/spring.factories]: [org.springframework.test.context.web.ServletTestExecutionListener, org.springframework.test.context.support.DirtiesContextBeforeModesTestExecutionListener, org.springframework.test.context.support.DependencyInjectionTestExecutionListener, org.springframework.test.context.support.DirtiesContextTestExecutionListener, org.springframework.test.context.transaction.TransactionalTestExecutionListener, org.springframework.test.context.jdbc.SqlScriptsTestExecutionListener]
2019-08-28 14:45:38.257 [main] INFO  o.s.test.context.web.WebTestContextBootstrapper - Using TestExecutionListeners: [org.springframework.test.context.web.ServletTestExecutionListener@180cf2a, org.springframework.test.context.support.DirtiesContextBeforeModesTestExecutionListener@1a0d866, org.springframework.test.context.support.DependencyInjectionTestExecutionListener@df48c4, org.springframework.test.context.support.DirtiesContextTestExecutionListener@1226a77, org.springframework.test.context.transaction.TransactionalTestExecutionListener@7be8c2, org.springframework.test.context.jdbc.SqlScriptsTestExecutionListener@ee3aa7]
2019-08-28 14:45:38.257 [main] INFO  o.s.test.context.web.WebTestContextBootstrapper - Loaded default TestExecutionListener class names from location [META-INF/spring.factories]: [org.springframework.test.context.web.ServletTestExecutionListener, org.springframework.test.context.support.DirtiesContextBeforeModesTestExecutionListener, org.springframework.test.context.support.DependencyInjectionTestExecutionListener, org.springframework.test.context.support.DirtiesContextTestExecutionListener, org.springframework.test.context.transaction.TransactionalTestExecutionListener, org.springframework.test.context.jdbc.SqlScriptsTestExecutionListener]
2019-08-28 14:45:38.273 [main] INFO  o.s.test.context.web.WebTestContextBootstrapper - Using TestExecutionListeners: [org.springframework.test.context.web.ServletTestExecutionListener@64023c, org.springframework.test.context.support.DirtiesContextBeforeModesTestExecutionListener@1cebc9f, org.springframework.test.context.support.DependencyInjectionTestExecutionListener@1c1ac46, org.springframework.test.context.support.DirtiesContextTestExecutionListener@1557c0, org.springframework.test.context.transaction.TransactionalTestExecutionListener@1342a67, org.springframework.test.context.jdbc.SqlScriptsTestExecutionListener@1cbda0a]
2019-08-28 14:45:38.273 [main] INFO  o.s.test.context.web.WebTestContextBootstrapper - Loaded default TestExecutionListener class names from location [META-INF/spring.factories]: [org.springframework.test.context.web.ServletTestExecutionListener, org.springframework.test.context.support.DirtiesContextBeforeModesTestExecutionListener, org.springframework.test.context.support.DependencyInjectionTestExecutionListener, org.springframework.test.context.support.DirtiesContextTestExecutionListener, org.springframework.test.context.transaction.TransactionalTestExecutionListener, org.springframework.test.context.jdbc.SqlScriptsTestExecutionListener]
2019-08-28 14:45:38.273 [main] INFO  o.s.test.context.web.WebTestContextBootstrapper - Using TestExecutionListeners: [org.springframework.test.context.web.ServletTestExecutionListener@718242, org.springframework.test.context.support.DirtiesContextBeforeModesTestExecutionListener@1ec58a, org.springframework.test.context.support.DependencyInjectionTestExecutionListener@3afb99, org.springframework.test.context.support.DirtiesContextTestExecutionListener@5c3987, org.springframework.test.context.transaction.TransactionalTestExecutionListener@c4d04d, org.springframework.test.context.jdbc.SqlScriptsTestExecutionListener@147917a]
2019-08-28 14:45:38.273 [main] INFO  o.s.test.context.web.WebTestContextBootstrapper - Loaded default TestExecutionListener class names from location [META-INF/spring.factories]: [org.springframework.test.context.web.ServletTestExecutionListener, org.springframework.test.context.support.DirtiesContextBeforeModesTestExecutionListener, org.springframework.test.context.support.DependencyInjectionTestExecutionListener, org.springframework.test.context.support.DirtiesContextTestExecutionListener, org.springframework.test.context.transaction.TransactionalTestExecutionListener, org.springframework.test.context.jdbc.SqlScriptsTestExecutionListener]
2019-08-28 14:45:38.273 [main] INFO  o.s.test.context.web.WebTestContextBootstrapper - Using TestExecutionListeners: [org.springframework.test.context.web.ServletTestExecutionListener@15d616e, org.springframework.test.context.support.DirtiesContextBeforeModesTestExecutionListener@1a7b0bf, org.springframework.test.context.support.DependencyInjectionTestExecutionListener@44f787, org.springframework.test.context.support.DirtiesContextTestExecutionListener@1d6fbb3, org.springframework.test.context.transaction.TransactionalTestExecutionListener@126d3df, org.springframework.test.context.jdbc.SqlScriptsTestExecutionListener@2016b0]
2019-08-28 14:45:38.288 [main] INFO  o.s.test.context.web.WebTestContextBootstrapper - Loaded default TestExecutionListener class names from location [META-INF/spring.factories]: [org.springframework.test.context.web.ServletTestExecutionListener, org.springframework.test.context.support.DirtiesContextBeforeModesTestExecutionListener, org.springframework.test.context.support.DependencyInjectionTestExecutionListener, org.springframework.test.context.support.DirtiesContextTestExecutionListener, org.springframework.test.context.transaction.TransactionalTestExecutionListener, org.springframework.test.context.jdbc.SqlScriptsTestExecutionListener]
2019-08-28 14:45:38.288 [main] INFO  o.s.test.context.web.WebTestContextBootstrapper - Using TestExecutionListeners: [org.springframework.test.context.web.ServletTestExecutionListener@17779e3, org.springframework.test.context.support.DirtiesContextBeforeModesTestExecutionListener@e3570c, org.springframework.test.context.support.DependencyInjectionTestExecutionListener@167e3a5, org.springframework.test.context.support.DirtiesContextTestExecutionListener@1926e90, org.springframework.test.context.transaction.TransactionalTestExecutionListener@98ce7e, org.springframework.test.context.jdbc.SqlScriptsTestExecutionListener@1cb7a1]
2019-08-28 14:45:38.288 [main] INFO  o.s.test.context.web.WebTestContextBootstrapper - Loaded default TestExecutionListener class names from location [META-INF/spring.factories]: [org.springframework.test.context.web.ServletTestExecutionListener, org.springframework.test.context.support.DirtiesContextBeforeModesTestExecutionListener, org.springframework.test.context.support.DependencyInjectionTestExecutionListener, org.springframework.test.context.support.DirtiesContextTestExecutionListener, org.springframework.test.context.transaction.TransactionalTestExecutionListener, org.springframework.test.context.jdbc.SqlScriptsTestExecutionListener]
2019-08-28 14:45:38.288 [main] INFO  o.s.test.context.web.WebTestContextBootstrapper - Using TestExecutionListeners: [org.springframework.test.context.web.ServletTestExecutionListener@1701bdc, org.springframework.test.context.support.DirtiesContextBeforeModesTestExecutionListener@1353249, org.springframework.test.context.support.DependencyInjectionTestExecutionListener@1786286, org.springframework.test.context.support.DirtiesContextTestExecutionListener@8c5ea2, org.springframework.test.context.transaction.TransactionalTestExecutionListener@198defc, org.springframework.test.context.jdbc.SqlScriptsTestExecutionListener@1579a30]
2019-08-28 14:45:38.304 [main] INFO  o.s.test.context.web.WebTestContextBootstrapper - Loaded default TestExecutionListener class names from location [META-INF/spring.factories]: [org.springframework.test.context.web.ServletTestExecutionListener, org.springframework.test.context.support.DirtiesContextBeforeModesTestExecutionListener, org.springframework.test.context.support.DependencyInjectionTestExecutionListener, org.springframework.test.context.support.DirtiesContextTestExecutionListener, org.springframework.test.context.transaction.TransactionalTestExecutionListener, org.springframework.test.context.jdbc.SqlScriptsTestExecutionListener]
2019-08-28 14:45:38.304 [main] INFO  o.s.test.context.web.WebTestContextBootstrapper - Using TestExecutionListeners: [org.springframework.test.context.web.ServletTestExecutionListener@6db724, org.springframework.test.context.support.DirtiesContextBeforeModesTestExecutionListener@112da40, org.springframework.test.context.support.DependencyInjectionTestExecutionListener@b6d6ab, org.springframework.test.context.support.DirtiesContextTestExecutionListener@1c7865b, org.springframework.test.context.transaction.TransactionalTestExecutionListener@45c97b, org.springframework.test.context.jdbc.SqlScriptsTestExecutionListener@1aecc3a]
2019-08-28 14:45:38.304 [main] INFO  o.s.test.context.web.WebTestContextBootstrapper - Loaded default TestExecutionListener class names from location [META-INF/spring.factories]: [org.springframework.test.context.web.ServletTestExecutionListener, org.springframework.test.context.support.DirtiesContextBeforeModesTestExecutionListener, org.springframework.test.context.support.DependencyInjectionTestExecutionListener, org.springframework.test.context.support.DirtiesContextTestExecutionListener, org.springframework.test.context.transaction.TransactionalTestExecutionListener, org.springframework.test.context.jdbc.SqlScriptsTestExecutionListener]
2019-08-28 14:45:38.304 [main] INFO  o.s.test.context.web.WebTestContextBootstrapper - Using TestExecutionListeners: [org.springframework.test.context.web.ServletTestExecutionListener@126a29c, org.springframework.test.context.support.DirtiesContextBeforeModesTestExecutionListener@17dc1cb, org.springframework.test.context.support.DependencyInjectionTestExecutionListener@13e15f7, org.springframework.test.context.support.DirtiesContextTestExecutionListener@11410e5, org.springframework.test.context.transaction.TransactionalTestExecutionListener@61373f, org.springframework.test.context.jdbc.SqlScriptsTestExecutionListener@7244ca]
2019-08-28 14:45:38.319 [main] INFO  o.s.test.context.web.WebTestContextBootstrapper - Loaded default TestExecutionListener class names from location [META-INF/spring.factories]: [org.springframework.test.context.web.ServletTestExecutionListener, org.springframework.test.context.support.DirtiesContextBeforeModesTestExecutionListener, org.springframework.test.context.support.DependencyInjectionTestExecutionListener, org.springframework.test.context.support.DirtiesContextTestExecutionListener, org.springframework.test.context.transaction.TransactionalTestExecutionListener, org.springframework.test.context.jdbc.SqlScriptsTestExecutionListener]
2019-08-28 14:45:38.319 [main] INFO  o.s.test.context.web.WebTestContextBootstrapper - Using TestExecutionListeners: [org.springframework.test.context.web.ServletTestExecutionListener@19f9d2, org.springframework.test.context.support.DirtiesContextBeforeModesTestExecutionListener@16089a5, org.springframework.test.context.support.DependencyInjectionTestExecutionListener@ecb67f, org.springframework.test.context.support.DirtiesContextTestExecutionListener@c16b18, org.springframework.test.context.transaction.TransactionalTestExecutionListener@5e222e, org.springframework.test.context.jdbc.SqlScriptsTestExecutionListener@15fb38]
2019-08-28 14:45:38.319 [main] INFO  o.s.test.context.web.WebTestContextBootstrapper - Loaded default TestExecutionListener class names from location [META-INF/spring.factories]: [org.springframework.test.context.web.ServletTestExecutionListener, org.springframework.test.context.support.DirtiesContextBeforeModesTestExecutionListener, org.springframework.test.context.support.DependencyInjectionTestExecutionListener, org.springframework.test.context.support.DirtiesContextTestExecutionListener, org.springframework.test.context.transaction.TransactionalTestExecutionListener, org.springframework.test.context.jdbc.SqlScriptsTestExecutionListener]
2019-08-28 14:45:38.319 [main] INFO  o.s.test.context.web.WebTestContextBootstrapper - Using TestExecutionListeners: [org.springframework.test.context.web.ServletTestExecutionListener@1581e80, org.springframework.test.context.support.DirtiesContextBeforeModesTestExecutionListener@3a9d95, org.springframework.test.context.support.DependencyInjectionTestExecutionListener@3fbbfc, org.springframework.test.context.support.DirtiesContextTestExecutionListener@4ed904, org.springframework.test.context.transaction.TransactionalTestExecutionListener@8997d1, org.springframework.test.context.jdbc.SqlScriptsTestExecutionListener@14e45b3]
2019-08-28 14:45:38.335 [main] INFO  o.s.test.context.web.WebTestContextBootstrapper - Loaded default TestExecutionListener class names from location [META-INF/spring.factories]: [org.springframework.test.context.web.ServletTestExecutionListener, org.springframework.test.context.support.DirtiesContextBeforeModesTestExecutionListener, org.springframework.test.context.support.DependencyInjectionTestExecutionListener, org.springframework.test.context.support.DirtiesContextTestExecutionListener, org.springframework.test.context.transaction.TransactionalTestExecutionListener, org.springframework.test.context.jdbc.SqlScriptsTestExecutionListener]
2019-08-28 14:45:38.335 [main] INFO  o.s.test.context.web.WebTestContextBootstrapper - Using TestExecutionListeners: [org.springframework.test.context.web.ServletTestExecutionListener@4310d0, org.springframework.test.context.support.DirtiesContextBeforeModesTestExecutionListener@104fc23, org.springframework.test.context.support.DependencyInjectionTestExecutionListener@457d21, org.springframework.test.context.support.DirtiesContextTestExecutionListener@1a0ae6, org.springframework.test.context.transaction.TransactionalTestExecutionListener@1c18a4c, org.springframework.test.context.jdbc.SqlScriptsTestExecutionListener@15e92d7]
2019-08-28 14:45:38.335 [main] INFO  o.s.test.context.web.WebTestContextBootstrapper - Loaded default TestExecutionListener class names from location [META-INF/spring.factories]: [org.springframework.test.context.web.ServletTestExecutionListener, org.springframework.test.context.support.DirtiesContextBeforeModesTestExecutionListener, org.springframework.test.context.support.DependencyInjectionTestExecutionListener, org.springframework.test.context.support.DirtiesContextTestExecutionListener, org.springframework.test.context.transaction.TransactionalTestExecutionListener, org.springframework.test.context.jdbc.SqlScriptsTestExecutionListener]
2019-08-28 14:45:38.335 [main] INFO  o.s.test.context.web.WebTestContextBootstrapper - Using TestExecutionListeners: [org.springframework.test.context.web.ServletTestExecutionListener@2b249, org.springframework.test.context.support.DirtiesContextBeforeModesTestExecutionListener@106daba, org.springframework.test.context.support.DependencyInjectionTestExecutionListener@1021f34, org.springframework.test.context.support.DirtiesContextTestExecutionListener@4eb043, org.springframework.test.context.transaction.TransactionalTestExecutionListener@163956, org.springframework.test.context.jdbc.SqlScriptsTestExecutionListener@10e434d]
2019-08-28 14:45:38.351 [main] INFO  o.s.test.context.web.WebTestContextBootstrapper - Loaded default TestExecutionListener class names from location [META-INF/spring.factories]: [org.springframework.test.context.web.ServletTestExecutionListener, org.springframework.test.context.support.DirtiesContextBeforeModesTestExecutionListener, org.springframework.test.context.support.DependencyInjectionTestExecutionListener, org.springframework.test.context.support.DirtiesContextTestExecutionListener, org.springframework.test.context.transaction.TransactionalTestExecutionListener, org.springframework.test.context.jdbc.SqlScriptsTestExecutionListener]
2019-08-28 14:45:38.351 [main] INFO  o.s.test.context.web.WebTestContextBootstrapper - Using TestExecutionListeners: [org.springframework.test.context.web.ServletTestExecutionListener@e4bb3c, org.springframework.test.context.support.DirtiesContextBeforeModesTestExecutionListener@c063ad, org.springframework.test.context.support.DependencyInjectionTestExecutionListener@cffc79, org.springframework.test.context.support.DirtiesContextTestExecutionListener@c8769b, org.springframework.test.context.transaction.TransactionalTestExecutionListener@e2ecc7, org.springframework.test.context.jdbc.SqlScriptsTestExecutionListener@272961]
2019-08-28 14:45:38.351 [main] INFO  o.s.test.context.web.WebTestContextBootstrapper - Loaded default TestExecutionListener class names from location [META-INF/spring.factories]: [org.springframework.test.context.web.ServletTestExecutionListener, org.springframework.test.context.support.DirtiesContextBeforeModesTestExecutionListener, org.springframework.test.context.support.DependencyInjectionTestExecutionListener, org.springframework.test.context.support.DirtiesContextTestExecutionListener, org.springframework.test.context.transaction.TransactionalTestExecutionListener, org.springframework.test.context.jdbc.SqlScriptsTestExecutionListener]
2019-08-28 14:45:38.351 [main] INFO  o.s.test.context.web.WebTestContextBootstrapper - Using TestExecutionListeners: [org.springframework.test.context.web.ServletTestExecutionListener@1bf7b23, org.springframework.test.context.support.DirtiesContextBeforeModesTestExecutionListener@2d7440, org.springframework.test.context.support.DependencyInjectionTestExecutionListener@2b349d, org.springframework.test.context.support.DirtiesContextTestExecutionListener@8b567c, org.springframework.test.context.transaction.TransactionalTestExecutionListener@1dafbaf, org.springframework.test.context.jdbc.SqlScriptsTestExecutionListener@1c1c92b]
2019-08-28 14:45:38.351 [main] INFO  o.s.test.context.web.WebTestContextBootstrapper - Loaded default TestExecutionListener class names from location [META-INF/spring.factories]: [org.springframework.test.context.web.ServletTestExecutionListener, org.springframework.test.context.support.DirtiesContextBeforeModesTestExecutionListener, org.springframework.test.context.support.DependencyInjectionTestExecutionListener, org.springframework.test.context.support.DirtiesContextTestExecutionListener, org.springframework.test.context.transaction.TransactionalTestExecutionListener, org.springframework.test.context.jdbc.SqlScriptsTestExecutionListener]
2019-08-28 14:45:38.366 [main] INFO  o.s.test.context.web.WebTestContextBootstrapper - Using TestExecutionListeners: [org.springframework.test.context.web.ServletTestExecutionListener@df83e5, org.springframework.test.context.support.DirtiesContextBeforeModesTestExecutionListener@4c6320, org.springframework.test.context.support.DependencyInjectionTestExecutionListener@ffd135, org.springframework.test.context.support.DirtiesContextTestExecutionListener@1000bcf, org.springframework.test.context.transaction.TransactionalTestExecutionListener@754fc, org.springframework.test.context.jdbc.SqlScriptsTestExecutionListener@15c998a]
2019-08-28 14:45:38.366 [main] INFO  o.s.test.context.web.WebTestContextBootstrapper - Loaded default TestExecutionListener class names from location [META-INF/spring.factories]: [org.springframework.test.context.web.ServletTestExecutionListener, org.springframework.test.context.support.DirtiesContextBeforeModesTestExecutionListener, org.springframework.test.context.support.DependencyInjectionTestExecutionListener, org.springframework.test.context.support.DirtiesContextTestExecutionListener, org.springframework.test.context.transaction.TransactionalTestExecutionListener, org.springframework.test.context.jdbc.SqlScriptsTestExecutionListener]
2019-08-28 14:45:38.366 [main] INFO  o.s.test.context.web.WebTestContextBootstrapper - Using TestExecutionListeners: [org.springframework.test.context.web.ServletTestExecutionListener@1b7ae22, org.springframework.test.context.support.DirtiesContextBeforeModesTestExecutionListener@951a0, org.springframework.test.context.support.DependencyInjectionTestExecutionListener@1ce1bea, org.springframework.test.context.support.DirtiesContextTestExecutionListener@8acfc3, org.springframework.test.context.transaction.TransactionalTestExecutionListener@14e0e90, org.springframework.test.context.jdbc.SqlScriptsTestExecutionListener@19e11a1]
2019-08-28 14:45:38.382 [main] INFO  o.s.test.context.web.WebTestContextBootstrapper - Loaded default TestExecutionListener class names from location [META-INF/spring.factories]: [org.springframework.test.context.web.ServletTestExecutionListener, org.springframework.test.context.support.DirtiesContextBeforeModesTestExecutionListener, org.springframework.test.context.support.DependencyInjectionTestExecutionListener, org.springframework.test.context.support.DirtiesContextTestExecutionListener, org.springframework.test.context.transaction.TransactionalTestExecutionListener, org.springframework.test.context.jdbc.SqlScriptsTestExecutionListener]
2019-08-28 14:45:38.382 [main] INFO  o.s.test.context.web.WebTestContextBootstrapper - Using TestExecutionListeners: [org.springframework.test.context.web.ServletTestExecutionListener@101ac93, org.springframework.test.context.support.DirtiesContextBeforeModesTestExecutionListener@e90943, org.springframework.test.context.support.DependencyInjectionTestExecutionListener@15f1f9c, org.springframework.test.context.support.DirtiesContextTestExecutionListener@1474ea, org.springframework.test.context.transaction.TransactionalTestExecutionListener@107bd0d, org.springframework.test.context.jdbc.SqlScriptsTestExecutionListener@10ca208]
2019-08-28 14:45:38.382 [main] INFO  o.s.test.context.web.WebTestContextBootstrapper - Loaded default TestExecutionListener class names from location [META-INF/spring.factories]: [org.springframework.test.context.web.ServletTestExecutionListener, org.springframework.test.context.support.DirtiesContextBeforeModesTestExecutionListener, org.springframework.test.context.support.DependencyInjectionTestExecutionListener, org.springframework.test.context.support.DirtiesContextTestExecutionListener, org.springframework.test.context.transaction.TransactionalTestExecutionListener, org.springframework.test.context.jdbc.SqlScriptsTestExecutionListener]
2019-08-28 14:45:38.382 [main] INFO  o.s.test.context.web.WebTestContextBootstrapper - Using TestExecutionListeners: [org.springframework.test.context.web.ServletTestExecutionListener@10c6cfc, org.springframework.test.context.support.DirtiesContextBeforeModesTestExecutionListener@c72243, org.springframework.test.context.support.DependencyInjectionTestExecutionListener@19a8416, org.springframework.test.context.support.DirtiesContextTestExecutionListener@155d3a3, org.springframework.test.context.transaction.TransactionalTestExecutionListener@1b994de, org.springframework.test.context.jdbc.SqlScriptsTestExecutionListener@dc9766]
2019-08-28 14:45:38.382 [main] INFO  o.s.test.context.web.WebTestContextBootstrapper - Loaded default TestExecutionListener class names from location [META-INF/spring.factories]: [org.springframework.test.context.web.ServletTestExecutionListener, org.springframework.test.context.support.DirtiesContextBeforeModesTestExecutionListener, org.springframework.test.context.support.DependencyInjectionTestExecutionListener, org.springframework.test.context.support.DirtiesContextTestExecutionListener, org.springframework.test.context.transaction.TransactionalTestExecutionListener, org.springframework.test.context.jdbc.SqlScriptsTestExecutionListener]
2019-08-28 14:45:38.382 [main] INFO  o.s.test.context.web.WebTestContextBootstrapper - Using TestExecutionListeners: [org.springframework.test.context.web.ServletTestExecutionListener@be76c7, org.springframework.test.context.support.DirtiesContextBeforeModesTestExecutionListener@682406, org.springframework.test.context.support.DependencyInjectionTestExecutionListener@115126e, org.springframework.test.context.support.DirtiesContextTestExecutionListener@6d2380, org.springframework.test.context.transaction.TransactionalTestExecutionListener@135b1f3, org.springframework.test.context.jdbc.SqlScriptsTestExecutionListener@35e6e3]
2019-08-28 14:45:38.398 [main] INFO  o.s.test.context.web.WebTestContextBootstrapper - Loaded default TestExecutionListener class names from location [META-INF/spring.factories]: [org.springframework.test.context.web.ServletTestExecutionListener, org.springframework.test.context.support.DirtiesContextBeforeModesTestExecutionListener, org.springframework.test.context.support.DependencyInjectionTestExecutionListener, org.springframework.test.context.support.DirtiesContextTestExecutionListener, org.springframework.test.context.transaction.TransactionalTestExecutionListener, org.springframework.test.context.jdbc.SqlScriptsTestExecutionListener]
2019-08-28 14:45:38.398 [main] INFO  o.s.test.context.web.WebTestContextBootstrapper - Using TestExecutionListeners: [org.springframework.test.context.web.ServletTestExecutionListener@113981b, org.springframework.test.context.support.DirtiesContextBeforeModesTestExecutionListener@1672bbb, org.springframework.test.context.support.DependencyInjectionTestExecutionListener@6833f2, org.springframework.test.context.support.DirtiesContextTestExecutionListener@12a73d9, org.springframework.test.context.transaction.TransactionalTestExecutionListener@1bdb58, org.springframework.test.context.jdbc.SqlScriptsTestExecutionListener@dd75a4]
2019-08-28 14:45:38.398 [main] INFO  o.s.test.context.web.WebTestContextBootstrapper - Loaded default TestExecutionListener class names from location [META-INF/spring.factories]: [org.springframework.test.context.web.ServletTestExecutionListener, org.springframework.test.context.support.DirtiesContextBeforeModesTestExecutionListener, org.springframework.test.context.support.DependencyInjectionTestExecutionListener, org.springframework.test.context.support.DirtiesContextTestExecutionListener, org.springframework.test.context.transaction.TransactionalTestExecutionListener, org.springframework.test.context.jdbc.SqlScriptsTestExecutionListener]
2019-08-28 14:45:38.398 [main] INFO  o.s.test.context.web.WebTestContextBootstrapper - Using TestExecutionListeners: [org.springframework.test.context.web.ServletTestExecutionListener@146b6db, org.springframework.test.context.support.DirtiesContextBeforeModesTestExecutionListener@18f1be9, org.springframework.test.context.support.DependencyInjectionTestExecutionListener@717d91, org.springframework.test.context.support.DirtiesContextTestExecutionListener@eafb71, org.springframework.test.context.transaction.TransactionalTestExecutionListener@121df2a, org.springframework.test.context.jdbc.SqlScriptsTestExecutionListener@c26b16]
2019-08-28 14:45:38.413 [main] INFO  o.s.test.context.web.WebTestContextBootstrapper - Loaded default TestExecutionListener class names from location [META-INF/spring.factories]: [org.springframework.test.context.web.ServletTestExecutionListener, org.springframework.test.context.support.DirtiesContextBeforeModesTestExecutionListener, org.springframework.test.context.support.DependencyInjectionTestExecutionListener, org.springframework.test.context.support.DirtiesContextTestExecutionListener, org.springframework.test.context.transaction.TransactionalTestExecutionListener, org.springframework.test.context.jdbc.SqlScriptsTestExecutionListener]
2019-08-28 14:45:38.413 [main] INFO  o.s.test.context.web.WebTestContextBootstrapper - Using TestExecutionListeners: [org.springframework.test.context.web.ServletTestExecutionListener@9fea8a, org.springframework.test.context.support.DirtiesContextBeforeModesTestExecutionListener@df2d38, org.springframework.test.context.support.DependencyInjectionTestExecutionListener@11e831, org.springframework.test.context.support.DirtiesContextTestExecutionListener@1a2f02e, org.springframework.test.context.transaction.TransactionalTestExecutionListener@467991, org.springframework.test.context.jdbc.SqlScriptsTestExecutionListener@d75c47]
2019-08-28 14:45:38.413 [main] INFO  o.s.test.context.web.WebTestContextBootstrapper - Loaded default TestExecutionListener class names from location [META-INF/spring.factories]: [org.springframework.test.context.web.ServletTestExecutionListener, org.springframework.test.context.support.DirtiesContextBeforeModesTestExecutionListener, org.springframework.test.context.support.DependencyInjectionTestExecutionListener, org.springframework.test.context.support.DirtiesContextTestExecutionListener, org.springframework.test.context.transaction.TransactionalTestExecutionListener, org.springframework.test.context.jdbc.SqlScriptsTestExecutionListener]
2019-08-28 14:45:38.413 [main] INFO  o.s.test.context.web.WebTestContextBootstrapper - Using TestExecutionListeners: [org.springframework.test.context.web.ServletTestExecutionListener@1522de2, org.springframework.test.context.support.DirtiesContextBeforeModesTestExecutionListener@425743, org.springframework.test.context.support.DependencyInjectionTestExecutionListener@16ef705, org.springframework.test.context.support.DirtiesContextTestExecutionListener@1b7c76, org.springframework.test.context.transaction.TransactionalTestExecutionListener@883357, org.springframework.test.context.jdbc.SqlScriptsTestExecutionListener@1e2afb2]
2019-08-28 14:45:38.429 [main] INFO  o.s.test.context.web.WebTestContextBootstrapper - Loaded default TestExecutionListener class names from location [META-INF/spring.factories]: [org.springframework.test.context.web.ServletTestExecutionListener, org.springframework.test.context.support.DirtiesContextBeforeModesTestExecutionListener, org.springframework.test.context.support.DependencyInjectionTestExecutionListener, org.springframework.test.context.support.DirtiesContextTestExecutionListener, org.springframework.test.context.transaction.TransactionalTestExecutionListener, org.springframework.test.context.jdbc.SqlScriptsTestExecutionListener]
2019-08-28 14:45:38.429 [main] INFO  o.s.test.context.web.WebTestContextBootstrapper - Using TestExecutionListeners: [org.springframework.test.context.web.ServletTestExecutionListener@9fe84e, org.springframework.test.context.support.DirtiesContextBeforeModesTestExecutionListener@4c71d2, org.springframework.test.context.support.DependencyInjectionTestExecutionListener@c4bc34, org.springframework.test.context.support.DirtiesContextTestExecutionListener@2006a0, org.springframework.test.context.transaction.TransactionalTestExecutionListener@9300cc, org.springframework.test.context.jdbc.SqlScriptsTestExecutionListener@1198ff2]
2019-08-28 14:45:38.429 [main] INFO  o.s.test.context.web.WebTestContextBootstrapper - Loaded default TestExecutionListener class names from location [META-INF/spring.factories]: [org.springframework.test.context.web.ServletTestExecutionListener, org.springframework.test.context.support.DirtiesContextBeforeModesTestExecutionListener, org.springframework.test.context.support.DependencyInjectionTestExecutionListener, org.springframework.test.context.support.DirtiesContextTestExecutionListener, org.springframework.test.context.transaction.TransactionalTestExecutionListener, org.springframework.test.context.jdbc.SqlScriptsTestExecutionListener]
2019-08-28 14:45:38.429 [main] INFO  o.s.test.context.web.WebTestContextBootstrapper - Using TestExecutionListeners: [org.springframework.test.context.web.ServletTestExecutionListener@3a835d, org.springframework.test.context.support.DirtiesContextBeforeModesTestExecutionListener@1867df9, org.springframework.test.context.support.DependencyInjectionTestExecutionListener@b86944, org.springframework.test.context.support.DirtiesContextTestExecutionListener@107108e, org.springframework.test.context.transaction.TransactionalTestExecutionListener@cfe049, org.springframework.test.context.jdbc.SqlScriptsTestExecutionListener@18e18a3]
2019-08-28 14:45:38.444 [main] INFO  o.s.test.context.web.WebTestContextBootstrapper - Loaded default TestExecutionListener class names from location [META-INF/spring.factories]: [org.springframework.test.context.web.ServletTestExecutionListener, org.springframework.test.context.support.DirtiesContextBeforeModesTestExecutionListener, org.springframework.test.context.support.DependencyInjectionTestExecutionListener, org.springframework.test.context.support.DirtiesContextTestExecutionListener, org.springframework.test.context.transaction.TransactionalTestExecutionListener, org.springframework.test.context.jdbc.SqlScriptsTestExecutionListener]
2019-08-28 14:45:38.444 [main] INFO  o.s.test.context.web.WebTestContextBootstrapper - Using TestExecutionListeners: [org.springframework.test.context.web.ServletTestExecutionListener@1117a20, org.springframework.test.context.support.DirtiesContextBeforeModesTestExecutionListener@68cd79, org.springframework.test.context.support.DependencyInjectionTestExecutionListener@89e2f1, org.springframework.test.context.support.DirtiesContextTestExecutionListener@92668c, org.springframework.test.context.transaction.TransactionalTestExecutionListener@18a9fc8, org.springframework.test.context.jdbc.SqlScriptsTestExecutionListener@2515]
2019-08-28 14:45:38.444 [main] INFO  o.s.test.context.web.WebTestContextBootstrapper - Loaded default TestExecutionListener class names from location [META-INF/spring.factories]: [org.springframework.test.context.web.ServletTestExecutionListener, org.springframework.test.context.support.DirtiesContextBeforeModesTestExecutionListener, org.springframework.test.context.support.DependencyInjectionTestExecutionListener, org.springframework.test.context.support.DirtiesContextTestExecutionListener, org.springframework.test.context.transaction.TransactionalTestExecutionListener, org.springframework.test.context.jdbc.SqlScriptsTestExecutionListener]
2019-08-28 14:45:38.444 [main] INFO  o.s.test.context.web.WebTestContextBootstrapper - Using TestExecutionListeners: [org.springframework.test.context.web.ServletTestExecutionListener@b85c17, org.springframework.test.context.support.DirtiesContextBeforeModesTestExecutionListener@1a5ec6c, org.springframework.test.context.support.DependencyInjectionTestExecutionListener@44d990, org.springframework.test.context.support.DirtiesContextTestExecutionListener@278e83, org.springframework.test.context.transaction.TransactionalTestExecutionListener@fd66a5, org.springframework.test.context.jdbc.SqlScriptsTestExecutionListener@5dfaf1]
2019-08-28 14:45:38.444 [main] INFO  o.s.test.context.web.WebTestContextBootstrapper - Loaded default TestExecutionListener class names from location [META-INF/spring.factories]: [org.springframework.test.context.web.ServletTestExecutionListener, org.springframework.test.context.support.DirtiesContextBeforeModesTestExecutionListener, org.springframework.test.context.support.DependencyInjectionTestExecutionListener, org.springframework.test.context.support.DirtiesContextTestExecutionListener, org.springframework.test.context.transaction.TransactionalTestExecutionListener, org.springframework.test.context.jdbc.SqlScriptsTestExecutionListener]
2019-08-28 14:45:38.444 [main] INFO  o.s.test.context.web.WebTestContextBootstrapper - Using TestExecutionListeners: [org.springframework.test.context.web.ServletTestExecutionListener@1d38b87, org.springframework.test.context.support.DirtiesContextBeforeModesTestExecutionListener@16d835f, org.springframework.test.context.support.DependencyInjectionTestExecutionListener@cbd8dc, org.springframework.test.context.support.DirtiesContextTestExecutionListener@10a5c21, org.springframework.test.context.transaction.TransactionalTestExecutionListener@12696c2, org.springframework.test.context.jdbc.SqlScriptsTestExecutionListener@739f3f]
2019-08-28 14:45:38.460 [main] INFO  o.s.test.context.web.WebTestContextBootstrapper - Loaded default TestExecutionListener class names from location [META-INF/spring.factories]: [org.springframework.test.context.web.ServletTestExecutionListener, org.springframework.test.context.support.DirtiesContextBeforeModesTestExecutionListener, org.springframework.test.context.support.DependencyInjectionTestExecutionListener, org.springframework.test.context.support.DirtiesContextTestExecutionListener, org.springframework.test.context.transaction.TransactionalTestExecutionListener, org.springframework.test.context.jdbc.SqlScriptsTestExecutionListener]
2019-08-28 14:45:38.460 [main] INFO  o.s.test.context.web.WebTestContextBootstrapper - Using TestExecutionListeners: [org.springframework.test.context.web.ServletTestExecutionListener@1a7789c, org.springframework.test.context.support.DirtiesContextBeforeModesTestExecutionListener@1df5f21, org.springframework.test.context.support.DependencyInjectionTestExecutionListener@1de891b, org.springframework.test.context.support.DirtiesContextTestExecutionListener@fb6c5f, org.springframework.test.context.transaction.TransactionalTestExecutionListener@87e704, org.springframework.test.context.jdbc.SqlScriptsTestExecutionListener@4fe91e]
2019-08-28 14:45:38.476 [main] INFO  o.s.test.context.web.WebTestContextBootstrapper - Loaded default TestExecutionListener class names from location [META-INF/spring.factories]: [org.springframework.test.context.web.ServletTestExecutionListener, org.springframework.test.context.support.DirtiesContextBeforeModesTestExecutionListener, org.springframework.test.context.support.DependencyInjectionTestExecutionListener, org.springframework.test.context.support.DirtiesContextTestExecutionListener, org.springframework.test.context.transaction.TransactionalTestExecutionListener, org.springframework.test.context.jdbc.SqlScriptsTestExecutionListener]
2019-08-28 14:45:38.476 [main] INFO  o.s.test.context.web.WebTestContextBootstrapper - Using TestExecutionListeners: [org.springframework.test.context.web.ServletTestExecutionListener@8b677f, org.springframework.test.context.support.DirtiesContextBeforeModesTestExecutionListener@37d490, org.springframework.test.context.support.DependencyInjectionTestExecutionListener@1647278, org.springframework.test.context.support.DirtiesContextTestExecutionListener@1972e3a, org.springframework.test.context.transaction.TransactionalTestExecutionListener@5bf624, org.springframework.test.context.jdbc.SqlScriptsTestExecutionListener@17cd15d]
2019-08-28 14:45:38.476 [main] INFO  o.s.test.context.web.WebTestContextBootstrapper - Loaded default TestExecutionListener class names from location [META-INF/spring.factories]: [org.springframework.test.context.web.ServletTestExecutionListener, org.springframework.test.context.support.DirtiesContextBeforeModesTestExecutionListener, org.springframework.test.context.support.DependencyInjectionTestExecutionListener, org.springframework.test.context.support.DirtiesContextTestExecutionListener, org.springframework.test.context.transaction.TransactionalTestExecutionListener, org.springframework.test.context.jdbc.SqlScriptsTestExecutionListener]
2019-08-28 14:45:38.476 [main] INFO  o.s.test.context.web.WebTestContextBootstrapper - Using TestExecutionListeners: [org.springframework.test.context.web.ServletTestExecutionListener@1759d12, org.springframework.test.context.support.DirtiesContextBeforeModesTestExecutionListener@9b2a51, org.springframework.test.context.support.DependencyInjectionTestExecutionListener@f7345b, org.springframework.test.context.support.DirtiesContextTestExecutionListener@18e609b, org.springframework.test.context.transaction.TransactionalTestExecutionListener@687ea9, org.springframework.test.context.jdbc.SqlScriptsTestExecutionListener@538974]
2019-08-28 14:45:38.491 [main] INFO  o.s.test.context.web.WebTestContextBootstrapper - Loaded default TestExecutionListener class names from location [META-INF/spring.factories]: [org.springframework.test.context.web.ServletTestExecutionListener, org.springframework.test.context.support.DirtiesContextBeforeModesTestExecutionListener, org.springframework.test.context.support.DependencyInjectionTestExecutionListener, org.springframework.test.context.support.DirtiesContextTestExecutionListener, org.springframework.test.context.transaction.TransactionalTestExecutionListener, org.springframework.test.context.jdbc.SqlScriptsTestExecutionListener]
2019-08-28 14:45:38.491 [main] INFO  o.s.test.context.web.WebTestContextBootstrapper - Using TestExecutionListeners: [org.springframework.test.context.web.ServletTestExecutionListener@1762027, org.springframework.test.context.support.DirtiesContextBeforeModesTestExecutionListener@38fff7, org.springframework.test.context.support.DependencyInjectionTestExecutionListener@2cbc86, org.springframework.test.context.support.DirtiesContextTestExecutionListener@10d3f0d, org.springframework.test.context.transaction.TransactionalTestExecutionListener@a68fd8, org.springframework.test.context.jdbc.SqlScriptsTestExecutionListener@12dd538]
2019-08-28 14:45:38.491 [main] INFO  o.s.test.context.web.WebTestContextBootstrapper - Loaded default TestExecutionListener class names from location [META-INF/spring.factories]: [org.springframework.test.context.web.ServletTestExecutionListener, org.springframework.test.context.support.DirtiesContextBeforeModesTestExecutionListener, org.springframework.test.context.support.DependencyInjectionTestExecutionListener, org.springframework.test.context.support.DirtiesContextTestExecutionListener, org.springframework.test.context.transaction.TransactionalTestExecutionListener, org.springframework.test.context.jdbc.SqlScriptsTestExecutionListener]
2019-08-28 14:45:38.491 [main] INFO  o.s.test.context.web.WebTestContextBootstrapper - Using TestExecutionListeners: [org.springframework.test.context.web.ServletTestExecutionListener@cc7439, org.springframework.test.context.support.DirtiesContextBeforeModesTestExecutionListener@e2892b, org.springframework.test.context.support.DependencyInjectionTestExecutionListener@9b688e, org.springframework.test.context.support.DirtiesContextTestExecutionListener@ed5d9d, org.springframework.test.context.transaction.TransactionalTestExecutionListener@19d12cc, org.springframework.test.context.jdbc.SqlScriptsTestExecutionListener@13d1402]
]]></system-out>
  </testcase>
</testsuite>