<?xml version="1.0" encoding="UTF-8"?>
<testsuite name="com.abchina.mmsp.custfacing.controller.CustFacingControllerTest" time="0.094" tests="5" errors="0" skipped="0" failures="0">
  <properties>
[...]
</properties>
  <testcase name="testFindCMPortrait" classname="com.abchina.mmsp.custfacing.controller.CustFacingControllerTest" time="0.016"/>
  <testcase name="testGetMbankVersion" classname="com.abchina.mmsp.custfacing.controller.CustFacingControllerTest" time="0.015"/>
  <testcase name="testInsertMbankVersion" classname="com.abchina.mmsp.custfacing.controller.CustFacingControllerTest" time="0.016"/>
  <testcase name="testGetCMDetail" classname="com.abchina.mmsp.custfacing.controller.CustFacingControllerTest" time="0.015"/>
  <testcase name="testQueryCommentList" classname="com.abchina.mmsp.custfacing.controller.CustFacingControllerTest" time="0.032"/>
</testsuite>